<?xml version="1.0" encoding="UTF-8"?>
<!-- Generated by org.testng.reporters.JUnitReportReporter -->
<testsuite skipped="0" hostname="LAPTOP-V8C83NA5" name="com.testcases.Logintest" tests="2" failures="0" timestamp="15 Oct 2020 03:57:04 GMT" time="13.297" errors="0">
  <testcase name="bcqamlogin" time="4.726" classname="com.testcases.Logintest"/>
  <testcase name="bcqamlogout" time="8.571" classname="com.testcases.Logintest"/>
</testsuite> <!-- com.testcases.Logintest -->
